brake_output
acc1_input
acc1
acc2_input
acc2
acc
BreakPressure_R
MaxTempMotor_n
Steer
BreakPressure_F
Yaw_Angle
Pitch_Angle
Roll_Angle
Yaw_Rate_d
velocity
Mz
Torque_FL_out
Torque_FR_out
Torque_RL_out
Torque_RR_out
delta_YawRate
East_Speed
North_Speed
INS_IMUAccrnX
INS_IMUAccrnY
Yaw_Rate
NegTorque
INS_IMUAccrnZ
INS_IMUAglRateX
INS_IMUAglRateY
Torque_RR
Torque_RL
Torque_FL
Torque_FR
To_Ground_Speed
MaxTempIGBT_n
MaxTempInverter_n
DeratingRatio
Side_Slip_Angle_d
Algorithm_Enable
run_flag
TargetVelocity
Side_Slip_Angle
brake_input
Heading_Angle
IVT_MsgCount
Power
Raw_Steer
K3105_Alive
LVBatteryVolt
Steer_CANOK
CAN_OK_GNSS
CAN_OK_IMU
SC_State
precharge_input
start_input
break_transmit
reset_input
SC_Testpoint5
SC_Testpoint1
SC_Testpoint2
SC_Testpoint3
SC_Testpoint4
acc_flag
readyLED_output
